<?xml version="1.0" encoding="UTF-8"?>
<!-- Generated by org.testng.reporters.JUnitReportReporter -->
<testsuite ignored="1" hostname="ip-172-31-24-137.ap-southeast-2.compute.internal" failures="0" tests="1" name="riyaz.MySampleTest" time="0.189" errors="0" timestamp="21 Sep 2023 07:03:25 GMT" skipped="0">
  <testcase classname="riyaz.MySampleTest" name="testEntity" time="0.189"/>
  <testcase classname="riyaz.MySampleYamlTest" name="testViaCatalog">
    <skipped/>
  </testcase> <!-- testViaCatalog -->
</testsuite> <!-- riyaz.MySampleTest -->
