<?xml version="1.0" encoding="UTF-8"?>
<!-- Generated by org.testng.reporters.JUnitReportReporter -->
<testsuite ignored="1" hostname="ip-172-31-24-137.ap-southeast-2.compute.internal" failures="0" tests="2" name="riyaz.MySampleYamlTest" time="3.418" errors="0" timestamp="21 Sep 2023 07:03:25 GMT" skipped="0">
  <testcase classname="riyaz.MySampleYamlTest" name="testEntity" time="0.937"/>
  <testcase classname="riyaz.MySampleYamlTest" name="testUsingTestFramework" time="2.481"/>
  <testcase classname="riyaz.MySampleYamlTest" name="testViaCatalog">
    <skipped/>
  </testcase> <!-- testViaCatalog -->
</testsuite> <!-- riyaz.MySampleYamlTest -->
